app/build/outputs/logs/manifest-merger-debug-report.txt
-- Merging decision tree log ---
permission#com.plane.game.permission.JPUSH_MESSAGE
INJECTED from src\main\AndroidManifest.xml:12:5-14:47
MERGED from [cn.jiguang.sdk:jpush:3.1.5] AndroidManifest.xml:11:5-13:47
	android:protectionLevel
		ADDED from src\main\AndroidManifest.xml:14:9-44
	android:name
		INJECTED from src\main\AndroidManifest.xml
		ADDED from src\main\AndroidManifest.xml:13:9-65
uses-permission#com.plane.game.permission.JPUSH_MESSAGE
INJECTED from src\main\AndroidManifest.xml:17:5-81
MERGED from [cn.jiguang.sdk:jpush:3.1.5] AndroidManifest.xml:16:5-81
	android:name
		INJECTED from src\main\AndroidManifest.xml
		ADDED from src\main\AndroidManifest.xml:17:22-78
provider#android.support.v4.content.FileProvider
INJECTED from src\main\AndroidManifest.xml:69:9-77:20
	android:grantUriPermissions
		ADDED from src\main\AndroidManifest.xml:73:13-47
	android:authorities
		INJECTED from src\main\AndroidManifest.xml
		ADDED from src\main\AndroidManifest.xml:71:13-63
	android:exported
		ADDED from src\main\AndroidManifest.xml:72:13-37
	android:name
		ADDED from src\main\AndroidManifest.xml:70:13-67
manifest
ADDED from src\main\AndroidManifest.xml:2:1-112:12
INJECTED from src\main\AndroidManifest.xml:2:1-112:12
INJECTED from src\main\AndroidManifest.xml:2:1-112:12
INJECTED from src\main\AndroidManifest.xml:2:1-112:12
MERGED from [com.android.support:support-v4:28.0.0-rc01] AndroidManifest.xml:17:1-22:12
MERGED from [cn.jiguang.sdk:jpush:3.1.5] AndroidManifest.xml:2:1-133:12
MERGED from [cn.jiguang.sdk:jcore:1.2.3] AndroidManifest.xml:2:1-14:12
MERGED from [pub.devrel:easypermissions:1.3.0] AndroidManifest.xml:2:1-19:12
MERGED from [com.github.f0ris.sweetalert:library:1.5.1] AndroidManifest.xml:2:1-13:12
MERGED from [com.pnikosis:materialish-progress:1.0] AndroidManifest.xml:2:1-17:12
MERGED from [com.android.support:appcompat-v7:28.0.0-rc01] AndroidManifest.xml:17:1-22:12
MERGED from [com.android.support:support-media-compat:28.0.0-rc01] AndroidManifest.xml:17:1-22:12
MERGED from [com.android.support:animated-vector-drawable:28.0.0-rc01] AndroidManifest.xml:17:1-22:12
MERGED from [com.android.support:support-fragment:28.0.0-rc01] AndroidManifest.xml:17:1-22:12
MERGED from [com.android.support:support-core-ui:28.0.0-rc01] AndroidManifest.xml:17:1-22:12
MERGED from [com.android.support:support-core-utils:28.0.0-rc01] AndroidManifest.xml:17:1-22:12
MERGED from [com.android.support:loader:28.0.0-rc01] AndroidManifest.xml:17:1-22:12
MERGED from [com.android.support:viewpager:28.0.0-rc01] AndroidManifest.xml:17:1-22:12
MERGED from [com.android.support:coordinatorlayout:28.0.0-rc01] AndroidManifest.xml:17:1-22:12
MERGED from [com.android.support:drawerlayout:28.0.0-rc01] AndroidManifest.xml:17:1-22:12
MERGED from [com.android.support:slidingpanelayout:28.0.0-rc01] AndroidManifest.xml:17:1-22:12
MERGED from [com.android.support:customview:28.0.0-rc01] AndroidManifest.xml:17:1-22:12
MERGED from [com.android.support:swiperefreshlayout:28.0.0-rc01] AndroidManifest.xml:17:1-22:12
MERGED from [com.android.support:asynclayoutinflater:28.0.0-rc01] AndroidManifest.xml:17:1-22:12
MERGED from [com.android.support:support-vector-drawable:28.0.0-rc01] AndroidManifest.xml:17:1-22:12
MERGED from [com.android.support:support-compat:28.0.0-rc01] AndroidManifest.xml:17:1-24:12
MERGED from [com.android.support:versionedparcelable:28.0.0-rc01] AndroidManifest.xml:17:1-25:12
MERGED from [com.android.support:documentfile:28.0.0-rc01] AndroidManifest.xml:17:1-22:12
MERGED from [com.android.support:localbroadcastmanager:28.0.0-rc01] AndroidManifest.xml:17:1-22:12
MERGED from [com.android.support:print:28.0.0-rc01] AndroidManifest.xml:17:1-22:12
MERGED from [com.android.support:interpolator:28.0.0-rc01] AndroidManifest.xml:17:1-22:12
MERGED from [com.android.support:cursoradapter:28.0.0-rc01] AndroidManifest.xml:17:1-22:12
MERGED from [android.arch.lifecycle:viewmodel:1.1.1] AndroidManifest.xml:17:1-22:12
MERGED from [android.arch.lifecycle:livedata-core:1.1.1] AndroidManifest.xml:17:1-22:12
MERGED from [android.arch.lifecycle:runtime:1.1.1] AndroidManifest.xml:17:1-22:12
MERGED from [android.arch.core:runtime:1.1.1] AndroidManifest.xml:17:1-22:12
INJECTED from src\main\AndroidManifest.xml:2:1-112:12
INJECTED from src\main\AndroidManifest.xml:2:1-112:12
INJECTED from src\main\AndroidManifest.xml:2:1-112:12
	package
		ADDED from src\main\AndroidManifest.xml:3:5-29
		INJECTED from src\main\AndroidManifest.xml
		INJECTED from src\main\AndroidManifest.xml
	android:versionName
		ADDED from src\main\AndroidManifest.xml:5:5-32
		INJECTED from src\main\AndroidManifest.xml
		INJECTED from src\main\AndroidManifest.xml
	xmlns:android
		ADDED from src\main\AndroidManifest.xml:2:11-69
	android:versionCode
		ADDED from src\main\AndroidManifest.xml:4:5-32
		INJECTED from src\main\AndroidManifest.xml
		INJECTED from src\main\AndroidManifest.xml
uses-sdk
ADDED from src\main\AndroidManifest.xml:7:5-9:41
INJECTED from src\main\AndroidManifest.xml:7:5-9:41
INJECTED from src\main\AndroidManifest.xml:7:5-9:41
MERGED from [com.android.support:support-v4:28.0.0-rc01] AndroidManifest.xml:20:5-44
MERGED from [com.android.support:support-v4:28.0.0-rc01] AndroidManifest.xml:20:5-44
MERGED from [cn.jiguang.sdk:jpush:3.1.5] AndroidManifest.xml:7:5-9:41
MERGED from [cn.jiguang.sdk:jpush:3.1.5] AndroidManifest.xml:7:5-9:41
MERGED from [cn.jiguang.sdk:jcore:1.2.3] AndroidManifest.xml:7:5-9:41
MERGED from [cn.jiguang.sdk:jcore:1.2.3] AndroidManifest.xml:7:5-9:41
MERGED from [pub.devrel:easypermissions:1.3.0] AndroidManifest.xml:7:5-9:41
MERGED from [pub.devrel:easypermissions:1.3.0] AndroidManifest.xml:7:5-9:41
MERGED from [com.github.f0ris.sweetalert:library:1.5.1] AndroidManifest.xml:7:5-9:41
MERGED from [com.github.f0ris.sweetalert:library:1.5.1] AndroidManifest.xml:7:5-9:41
MERGED from [com.pnikosis:materialish-progress:1.0] AndroidManifest.xml:7:5-9:41
MERGED from [com.pnikosis:materialish-progress:1.0] AndroidManifest.xml:7:5-9:41
MERGED from [com.android.support:appcompat-v7:28.0.0-rc01] AndroidManifest.xml:20:5-44
MERGED from [com.android.support:appcompat-v7:28.0.0-rc01] AndroidManifest.xml:20:5-44
MERGED from [com.android.support:support-media-compat:28.0.0-rc01] AndroidManifest.xml:20:5-44
MERGED from [com.android.support:support-media-compat:28.0.0-rc01] AndroidManifest.xml:20:5-44
MERGED from [com.android.support:animated-vector-drawable:28.0.0-rc01] AndroidManifest.xml:20:5-44
MERGED from [com.android.support:animated-vector-drawable:28.0.0-rc01] AndroidManifest.xml:20:5-44
MERGED from [com.android.support:support-fragment:28.0.0-rc01] AndroidManifest.xml:20:5-44
MERGED from [com.android.support:support-fragment:28.0.0-rc01] AndroidManifest.xml:20:5-44
MERGED from [com.android.support:support-core-ui:28.0.0-rc01] AndroidManifest.xml:20:5-44
MERGED from [com.android.support:support-core-ui:28.0.0-rc01] AndroidManifest.xml:20:5-44
MERGED from [com.android.support:support-core-utils:28.0.0-rc01] AndroidManifest.xml:20:5-44
MERGED from [com.android.support:support-core-utils:28.0.0-rc01] AndroidManifest.xml:20:5-44
MERGED from [com.android.support:loader:28.0.0-rc01] AndroidManifest.xml:20:5-44
MERGED from [com.android.support:loader:28.0.0-rc01] AndroidManifest.xml:20:5-44
MERGED from [com.android.support:viewpager:28.0.0-rc01] AndroidManifest.xml:20:5-44
MERGED from [com.android.support:viewpager:28.0.0-rc01] AndroidManifest.xml:20:5-44
MERGED from [com.android.support:coordinatorlayout:28.0.0-rc01] AndroidManifest.xml:20:5-44
MERGED from [com.android.support:coordinatorlayout:28.0.0-rc01] AndroidManifest.xml:20:5-44
MERGED from [com.android.support:drawerlayout:28.0.0-rc01] AndroidManifest.xml:20:5-44
MERGED from [com.android.support:drawerlayout:28.0.0-rc01] AndroidManifest.xml:20:5-44
MERGED from [com.android.support:slidingpanelayout:28.0.0-rc01] AndroidManifest.xml:20:5-44
MERGED from [com.android.support:slidingpanelayout:28.0.0-rc01] AndroidManifest.xml:20:5-44
MERGED from [com.android.support:customview:28.0.0-rc01] AndroidManifest.xml:20:5-44
MERGED from [com.android.support:customview:28.0.0-rc01] AndroidManifest.xml:20:5-44
MERGED from [com.android.support:swiperefreshlayout:28.0.0-rc01] AndroidManifest.xml:20:5-44
MERGED from [com.android.support:swiperefreshlayout:28.0.0-rc01] AndroidManifest.xml:20:5-44
MERGED from [com.android.support:asynclayoutinflater:28.0.0-rc01] AndroidManifest.xml:20:5-44
MERGED from [com.android.support:asynclayoutinflater:28.0.0-rc01] AndroidManifest.xml:20:5-44
MERGED from [com.android.support:support-vector-drawable:28.0.0-rc01] AndroidManifest.xml:20:5-44
MERGED from [com.android.support:support-vector-drawable:28.0.0-rc01] AndroidManifest.xml:20:5-44
MERGED from [com.android.support:support-compat:28.0.0-rc01] AndroidManifest.xml:20:5-44
MERGED from [com.android.support:support-compat:28.0.0-rc01] AndroidManifest.xml:20:5-44
MERGED from [com.android.support:versionedparcelable:28.0.0-rc01] AndroidManifest.xml:20:5-44
MERGED from [com.android.support:versionedparcelable:28.0.0-rc01] AndroidManifest.xml:20:5-44
MERGED from [com.android.support:documentfile:28.0.0-rc01] AndroidManifest.xml:20:5-44
MERGED from [com.android.support:documentfile:28.0.0-rc01] AndroidManifest.xml:20:5-44
MERGED from [com.android.support:localbroadcastmanager:28.0.0-rc01] AndroidManifest.xml:20:5-44
MERGED from [com.android.support:localbroadcastmanager:28.0.0-rc01] AndroidManifest.xml:20:5-44
MERGED from [com.android.support:print:28.0.0-rc01] AndroidManifest.xml:20:5-44
MERGED from [com.android.support:print:28.0.0-rc01] AndroidManifest.xml:20:5-44
MERGED from [com.android.support:interpolator:28.0.0-rc01] AndroidManifest.xml:20:5-44
MERGED from [com.android.support:interpolator:28.0.0-rc01] AndroidManifest.xml:20:5-44
MERGED from [com.android.support:cursoradapter:28.0.0-rc01] AndroidManifest.xml:20:5-44
MERGED from [com.android.support:cursoradapter:28.0.0-rc01] AndroidManifest.xml:20:5-44
MERGED from [android.arch.lifecycle:viewmodel:1.1.1] AndroidManifest.xml:20:5-44
MERGED from [android.arch.lifecycle:viewmodel:1.1.1] AndroidManifest.xml:20:5-44
MERGED from [android.arch.lifecycle:livedata-core:1.1.1] AndroidManifest.xml:20:5-44
MERGED from [android.arch.lifecycle:livedata-core:1.1.1] AndroidManifest.xml:20:5-44
MERGED from [android.arch.lifecycle:runtime:1.1.1] AndroidManifest.xml:20:5-44
MERGED from [android.arch.lifecycle:runtime:1.1.1] AndroidManifest.xml:20:5-44
MERGED from [android.arch.core:runtime:1.1.1] AndroidManifest.xml:20:5-44
MERGED from [android.arch.core:runtime:1.1.1] AndroidManifest.xml:20:5-44
INJECTED from src\main\AndroidManifest.xml:7:5-9:41
INJECTED from src\main\AndroidManifest.xml:7:5-9:41
	android:targetSdkVersion
		ADDED from src\main\AndroidManifest.xml:9:9-38
		INJECTED from src\main\AndroidManifest.xml
		INJECTED from src\main\AndroidManifest.xml
	android:minSdkVersion
		ADDED from src\main\AndroidManifest.xml:8:9-35
		INJECTED from src\main\AndroidManifest.xml
		INJECTED from src\main\AndroidManifest.xml
uses-permission#android.permission.RECEIVE_USER_PRESENT
ADDED from src\main\AndroidManifest.xml:18:5-79
MERGED from [cn.jiguang.sdk:jpush:3.1.5] AndroidManifest.xml:17:5-79
MERGED from [cn.jiguang.sdk:jpush:3.1.5] AndroidManifest.xml:17:5-79
	android:name
		ADDED from src\main\AndroidManifest.xml:18:22-76
uses-permission#android.permission.INTERNET
ADDED from src\main\AndroidManifest.xml:19:5-67
MERGED from [cn.jiguang.sdk:jpush:3.1.5] AndroidManifest.xml:18:5-67
MERGED from [cn.jiguang.sdk:jpush:3.1.5] AndroidManifest.xml:18:5-67
	android:name
		ADDED from src\main\AndroidManifest.xml:19:22-64
uses-permission#android.permission.WAKE_LOCK
ADDED from src\main\AndroidManifest.xml:20:5-68
MERGED from [cn.jiguang.sdk:jpush:3.1.5] AndroidManifest.xml:19:5-68
MERGED from [cn.jiguang.sdk:jpush:3.1.5] AndroidManifest.xml:19:5-68
	android:name
		ADDED from src\main\AndroidManifest.xml:20:22-65
uses-permission#android.permission.READ_PHONE_STATE
ADDED from src\main\AndroidManifest.xml:21:5-75
MERGED from [cn.jiguang.sdk:jpush:3.1.5] AndroidManifest.xml:20:5-75
MERGED from [cn.jiguang.sdk:jpush:3.1.5] AndroidManifest.xml:20:5-75
	android:name
		ADDED from src\main\AndroidManifest.xml:21:22-72
uses-permission#android.permission.WRITE_EXTERNAL_STORAGE
ADDED from src\main\AndroidManifest.xml:22:5-81
MERGED from [cn.jiguang.sdk:jpush:3.1.5] AndroidManifest.xml:21:5-81
MERGED from [cn.jiguang.sdk:jpush:3.1.5] AndroidManifest.xml:21:5-81
	android:name
		ADDED from src\main\AndroidManifest.xml:22:22-78
uses-permission#android.permission.READ_EXTERNAL_STORAGE
ADDED from src\main\AndroidManifest.xml:23:5-80
MERGED from [cn.jiguang.sdk:jpush:3.1.5] AndroidManifest.xml:22:5-80
MERGED from [cn.jiguang.sdk:jpush:3.1.5] AndroidManifest.xml:22:5-80
	android:name
		ADDED from src\main\AndroidManifest.xml:23:22-77
uses-permission#android.permission.VIBRATE
ADDED from src\main\AndroidManifest.xml:24:5-66
MERGED from [cn.jiguang.sdk:jpush:3.1.5] AndroidManifest.xml:24:5-66
MERGED from [cn.jiguang.sdk:jpush:3.1.5] AndroidManifest.xml:24:5-66
	android:name
		ADDED from src\main\AndroidManifest.xml:24:22-63
uses-permission#android.permission.ACCESS_NETWORK_STATE
ADDED from src\main\AndroidManifest.xml:25:5-79
MERGED from [cn.jiguang.sdk:jpush:3.1.5] AndroidManifest.xml:26:5-79
MERGED from [cn.jiguang.sdk:jpush:3.1.5] AndroidManifest.xml:26:5-79
	android:name
		ADDED from src\main\AndroidManifest.xml:25:22-76
uses-permission#android.permission.ACCESS_WIFI_STATE
ADDED from src\main\AndroidManifest.xml:26:5-76
MERGED from [cn.jiguang.sdk:jpush:3.1.5] AndroidManifest.xml:27:5-76
MERGED from [cn.jiguang.sdk:jpush:3.1.5] AndroidManifest.xml:27:5-76
	android:name
		ADDED from src\main\AndroidManifest.xml:26:22-73
uses-permission#android.permission.SYSTEM_ALERT_WINDOW
ADDED from src\main\AndroidManifest.xml:29:5-78
MERGED from [cn.jiguang.sdk:jpush:3.1.5] AndroidManifest.xml:30:5-78
MERGED from [cn.jiguang.sdk:jpush:3.1.5] AndroidManifest.xml:30:5-78
	android:name
		ADDED from src\main\AndroidManifest.xml:29:22-75
uses-permission#android.permission.ACCESS_COARSE_LOCATION
ADDED from src\main\AndroidManifest.xml:30:5-81
MERGED from [cn.jiguang.sdk:jpush:3.1.5] AndroidManifest.xml:31:5-81
MERGED from [cn.jiguang.sdk:jpush:3.1.5] AndroidManifest.xml:31:5-81
	android:name
		ADDED from src\main\AndroidManifest.xml:30:22-78
uses-permission#android.permission.CHANGE_WIFI_STATE
ADDED from src\main\AndroidManifest.xml:31:5-76
MERGED from [cn.jiguang.sdk:jpush:3.1.5] AndroidManifest.xml:32:5-76
MERGED from [cn.jiguang.sdk:jpush:3.1.5] AndroidManifest.xml:32:5-76
	android:name
		ADDED from src\main\AndroidManifest.xml:31:22-73
uses-permission#android.permission.ACCESS_FINE_LOCATION
ADDED from src\main\AndroidManifest.xml:32:5-79
MERGED from [cn.jiguang.sdk:jpush:3.1.5] AndroidManifest.xml:33:5-79
MERGED from [cn.jiguang.sdk:jpush:3.1.5] AndroidManifest.xml:33:5-79
	android:name
		ADDED from src\main\AndroidManifest.xml:32:22-76
uses-permission#android.permission.ACCESS_LOCATION_EXTRA_COMMANDS
ADDED from src\main\AndroidManifest.xml:33:5-89
MERGED from [cn.jiguang.sdk:jpush:3.1.5] AndroidManifest.xml:34:5-89
MERGED from [cn.jiguang.sdk:jpush:3.1.5] AndroidManifest.xml:34:5-89
	android:name
		ADDED from src\main\AndroidManifest.xml:33:22-86
uses-permission#android.permission.CHANGE_NETWORK_STATE
ADDED from src\main\AndroidManifest.xml:34:5-79
MERGED from [cn.jiguang.sdk:jpush:3.1.5] AndroidManifest.xml:35:5-79
MERGED from [cn.jiguang.sdk:jpush:3.1.5] AndroidManifest.xml:35:5-79
	android:name
		ADDED from src\main\AndroidManifest.xml:34:22-76
uses-permission#android.permission.GET_TASKS
ADDED from src\main\AndroidManifest.xml:35:5-68
	android:name
		ADDED from src\main\AndroidManifest.xml:35:22-65
uses-permission#android.permission.PROCESS_OUTGOING_CALLS
ADDED from src\main\AndroidManifest.xml:37:5-81
	android:name
		ADDED from src\main\AndroidManifest.xml:37:22-78
uses-permission#com.dp.op.db.DbProvider.READ_PROVIDER_USERID
ADDED from src\main\AndroidManifest.xml:38:5-84
	android:name
		ADDED from src\main\AndroidManifest.xml:38:22-81
application
ADDED from src\main\AndroidManifest.xml:63:5-110:19
MERGED from [cn.jiguang.sdk:jpush:3.1.5] AndroidManifest.xml:37:5-131:19
MERGED from [cn.jiguang.sdk:jpush:3.1.5] AndroidManifest.xml:37:5-131:19
MERGED from [cn.jiguang.sdk:jcore:1.2.3] AndroidManifest.xml:11:5-12:19
MERGED from [cn.jiguang.sdk:jcore:1.2.3] AndroidManifest.xml:11:5-12:19
MERGED from [pub.devrel:easypermissions:1.3.0] AndroidManifest.xml:11:5-17:19
MERGED from [pub.devrel:easypermissions:1.3.0] AndroidManifest.xml:11:5-17:19
MERGED from [com.github.f0ris.sweetalert:library:1.5.1] AndroidManifest.xml:11:5-20
MERGED from [com.github.f0ris.sweetalert:library:1.5.1] AndroidManifest.xml:11:5-20
MERGED from [com.pnikosis:materialish-progress:1.0] AndroidManifest.xml:11:5-15:19
MERGED from [com.pnikosis:materialish-progress:1.0] AndroidManifest.xml:11:5-15:19
MERGED from [com.android.support:support-compat:28.0.0-rc01] AndroidManifest.xml:22:5-94
MERGED from [com.android.support:support-compat:28.0.0-rc01] AndroidManifest.xml:22:5-94
MERGED from [com.android.support:versionedparcelable:28.0.0-rc01] AndroidManifest.xml:22:5-23:19
MERGED from [com.android.support:versionedparcelable:28.0.0-rc01] AndroidManifest.xml:22:5-23:19
	android:appComponentFactory
		ADDED from [com.android.support:support-compat:28.0.0-rc01] AndroidManifest.xml:22:18-91
	android:label
		ADDED from src\main\AndroidManifest.xml:67:9-41
	android:icon
		ADDED from src\main\AndroidManifest.xml:66:9-45
	android:allowBackup
		ADDED from src\main\AndroidManifest.xml:65:9-35
	android:theme
		ADDED from src\main\AndroidManifest.xml:68:9-40
	android:name
		ADDED from src\main\AndroidManifest.xml:64:9-43
activity#com.plane.game.activity.SplashActivity_
ADDED from src\main\AndroidManifest.xml:79:9-88:20
	android:screenOrientation
		ADDED from src\main\AndroidManifest.xml:82:13-49
	android:label
		ADDED from src\main\AndroidManifest.xml:81:13-45
	android:name
		ADDED from src\main\AndroidManifest.xml:80:13-53
intent-filter#action:name:android.intent.action.MAIN+category:name:android.intent.category.LAUNCHER
ADDED from src\main\AndroidManifest.xml:83:13-87:29
action#android.intent.action.MAIN
ADDED from src\main\AndroidManifest.xml:84:17-69
	android:name
		ADDED from src\main\AndroidManifest.xml:84:25-66
category#android.intent.category.LAUNCHER
ADDED from src\main\AndroidManifest.xml:86:17-77
	android:name
		ADDED from src\main\AndroidManifest.xml:86:27-74
activity#com.plane.game.activity.MainActivity_
ADDED from src\main\AndroidManifest.xml:89:9-91:61
	android:screenOrientation
		ADDED from src\main\AndroidManifest.xml:91:13-49
	android:name
		ADDED from src\main\AndroidManifest.xml:90:13-51
activity#com.plane.game.activity.FeedbackActivity_
ADDED from src\main\AndroidManifest.xml:92:9-94:61
	android:screenOrientation
		ADDED from src\main\AndroidManifest.xml:94:13-49
	android:name
		ADDED from src\main\AndroidManifest.xml:93:13-55
activity#com.plane.game.vest.WebActivity
ADDED from src\main\AndroidManifest.xml:96:9-98:61
	android:screenOrientation
		ADDED from src\main\AndroidManifest.xml:98:13-49
	android:name
		ADDED from src\main\AndroidManifest.xml:97:13-45
receiver#com.plane.game.vest.AppInstallReceiver
ADDED from src\main\AndroidManifest.xml:99:9-109:20
	android:enabled
		ADDED from src\main\AndroidManifest.xml:101:13-35
	android:exported
		ADDED from src\main\AndroidManifest.xml:102:13-36
	android:name
		ADDED from src\main\AndroidManifest.xml:100:13-52
intent-filter#action:name:android.intent.action.PACKAGE_ADDED+action:name:android.intent.action.PACKAGE_REMOVED+action:name:android.intent.action.PACKAGE_REPLACED+data:scheme:package
ADDED from src\main\AndroidManifest.xml:103:13-108:29
action#android.intent.action.PACKAGE_ADDED
ADDED from src\main\AndroidManifest.xml:104:17-78
	android:name
		ADDED from src\main\AndroidManifest.xml:104:25-75
action#android.intent.action.PACKAGE_REPLACED
ADDED from src\main\AndroidManifest.xml:105:17-81
	android:name
		ADDED from src\main\AndroidManifest.xml:105:25-78
action#android.intent.action.PACKAGE_REMOVED
ADDED from src\main\AndroidManifest.xml:106:17-80
	android:name
		ADDED from src\main\AndroidManifest.xml:106:25-77
data
ADDED from src\main\AndroidManifest.xml:107:17-50
	android:scheme
		ADDED from src\main\AndroidManifest.xml:107:23-47
meta-data#android.support.FILE_PROVIDER_PATHS
ADDED from src\main\AndroidManifest.xml:74:13-76:54
	android:resource
		ADDED from src\main\AndroidManifest.xml:76:17-51
	android:name
		ADDED from src\main\AndroidManifest.xml:75:17-67
permission#${JPUSH_PKGNAME}.permission.JPUSH_MESSAGE
MERGED from [cn.jiguang.sdk:jpush:3.1.5] AndroidManifest.xml:11:5-13:47
uses-permission#${JPUSH_PKGNAME}.permission.JPUSH_MESSAGE
MERGED from [cn.jiguang.sdk:jpush:3.1.5] AndroidManifest.xml:16:5-81
uses-permission#android.permission.WRITE_SETTINGS
ADDED from [cn.jiguang.sdk:jpush:3.1.5] AndroidManifest.xml:23:5-73
	android:name
		ADDED from [cn.jiguang.sdk:jpush:3.1.5] AndroidManifest.xml:23:22-70
uses-permission#android.permission.MOUNT_UNMOUNT_FILESYSTEMS
ADDED from [cn.jiguang.sdk:jpush:3.1.5] AndroidManifest.xml:25:5-84
	android:name
		ADDED from [cn.jiguang.sdk:jpush:3.1.5] AndroidManifest.xml:25:22-81
activity#cn.jpush.android.ui.PopWinActivity
ADDED from [cn.jiguang.sdk:jpush:3.1.5] AndroidManifest.xml:40:9-43:52
	android:exported
		ADDED from [cn.jiguang.sdk:jpush:3.1.5] AndroidManifest.xml:42:13-37
	android:theme
		ADDED from [cn.jiguang.sdk:jpush:3.1.5] AndroidManifest.xml:43:13-49
	android:name
		ADDED from [cn.jiguang.sdk:jpush:3.1.5] AndroidManifest.xml:41:13-62
activity#cn.jpush.android.ui.PushActivity
ADDED from [cn.jiguang.sdk:jpush:3.1.5] AndroidManifest.xml:46:9-57:20
	android:exported
		ADDED from [cn.jiguang.sdk:jpush:3.1.5] AndroidManifest.xml:49:13-37
	android:configChanges
		ADDED from [cn.jiguang.sdk:jpush:3.1.5] AndroidManifest.xml:48:13-63
	android:theme
		ADDED from [cn.jiguang.sdk:jpush:3.1.5] AndroidManifest.xml:50:13-60
	android:name
		ADDED from [cn.jiguang.sdk:jpush:3.1.5] AndroidManifest.xml:47:13-60
intent-filter#action:name:cn.jpush.android.ui.PushActivity+category:name:${JPUSH_PKGNAME}+category:name:android.intent.category.DEFAULT
ADDED from [cn.jiguang.sdk:jpush:3.1.5] AndroidManifest.xml:51:13-56:29
intent-filter#action:name:cn.jpush.android.ui.PushActivity+category:name:android.intent.category.DEFAULT+category:name:com.plane.game
ADDED from [cn.jiguang.sdk:jpush:3.1.5] AndroidManifest.xml:51:13-56:29
action#cn.jpush.android.ui.PushActivity
ADDED from [cn.jiguang.sdk:jpush:3.1.5] AndroidManifest.xml:52:17-75
	android:name
		ADDED from [cn.jiguang.sdk:jpush:3.1.5] AndroidManifest.xml:52:25-72
category#android.intent.category.DEFAULT
ADDED from [cn.jiguang.sdk:jpush:3.1.5] AndroidManifest.xml:54:17-76
	android:name
		ADDED from [cn.jiguang.sdk:jpush:3.1.5] AndroidManifest.xml:54:27-73
category#${JPUSH_PKGNAME}
ADDED from [cn.jiguang.sdk:jpush:3.1.5] AndroidManifest.xml:55:17-61
	android:name
		ADDED from [cn.jiguang.sdk:jpush:3.1.5] AndroidManifest.xml:55:27-58
category#com.plane.game
ADDED from [cn.jiguang.sdk:jpush:3.1.5] AndroidManifest.xml:55:17-61
	android:name
		ADDED from [cn.jiguang.sdk:jpush:3.1.5] AndroidManifest.xml:55:27-58
service#cn.jpush.android.service.PushService
ADDED from [cn.jiguang.sdk:jpush:3.1.5] AndroidManifest.xml:60:9-71:19
	android:process
		ADDED from [cn.jiguang.sdk:jpush:3.1.5] AndroidManifest.xml:64:13-40
	android:enabled
		ADDED from [cn.jiguang.sdk:jpush:3.1.5] AndroidManifest.xml:62:13-35
	android:exported
		ADDED from [cn.jiguang.sdk:jpush:3.1.5] AndroidManifest.xml:63:13-37
	android:name
		ADDED from [cn.jiguang.sdk:jpush:3.1.5] AndroidManifest.xml:61:13-64
intent-filter#action:name:cn.jpush.android.intent.PUSH_TIME+action:name:cn.jpush.android.intent.PushService+action:name:cn.jpush.android.intent.REGISTER+action:name:cn.jpush.android.intent.REPORT
ADDED from [cn.jiguang.sdk:jpush:3.1.5] AndroidManifest.xml:65:13-70:29
action#cn.jpush.android.intent.REGISTER
ADDED from [cn.jiguang.sdk:jpush:3.1.5] AndroidManifest.xml:66:17-75
	android:name
		ADDED from [cn.jiguang.sdk:jpush:3.1.5] AndroidManifest.xml:66:25-72
action#cn.jpush.android.intent.REPORT
ADDED from [cn.jiguang.sdk:jpush:3.1.5] AndroidManifest.xml:67:17-73
	android:name
		ADDED from [cn.jiguang.sdk:jpush:3.1.5] AndroidManifest.xml:67:25-70
action#cn.jpush.android.intent.PushService
ADDED from [cn.jiguang.sdk:jpush:3.1.5] AndroidManifest.xml:68:17-78
	android:name
		ADDED from [cn.jiguang.sdk:jpush:3.1.5] AndroidManifest.xml:68:25-75
action#cn.jpush.android.intent.PUSH_TIME
ADDED from [cn.jiguang.sdk:jpush:3.1.5] AndroidManifest.xml:69:17-76
	android:name
		ADDED from [cn.jiguang.sdk:jpush:3.1.5] AndroidManifest.xml:69:25-73
service#cn.jpush.android.service.DaemonService
ADDED from [cn.jiguang.sdk:jpush:3.1.5] AndroidManifest.xml:75:9-84:19
	android:enabled
		ADDED from [cn.jiguang.sdk:jpush:3.1.5] AndroidManifest.xml:77:13-35
	android:exported
		ADDED from [cn.jiguang.sdk:jpush:3.1.5] AndroidManifest.xml:78:13-36
	android:name
		ADDED from [cn.jiguang.sdk:jpush:3.1.5] AndroidManifest.xml:76:13-66
intent-filter#action:name:cn.jpush.android.intent.DaemonService+category:name:${JPUSH_PKGNAME}
ADDED from [cn.jiguang.sdk:jpush:3.1.5] AndroidManifest.xml:79:13-83:29
intent-filter#action:name:cn.jpush.android.intent.DaemonService+category:name:com.plane.game
ADDED from [cn.jiguang.sdk:jpush:3.1.5] AndroidManifest.xml:79:13-83:29
action#cn.jpush.android.intent.DaemonService
ADDED from [cn.jiguang.sdk:jpush:3.1.5] AndroidManifest.xml:80:17-80
	android:name
		ADDED from [cn.jiguang.sdk:jpush:3.1.5] AndroidManifest.xml:80:25-77
receiver#cn.jpush.android.service.PushReceiver
ADDED from [cn.jiguang.sdk:jpush:3.1.5] AndroidManifest.xml:87:9-106:20
	android:enabled
		ADDED from [cn.jiguang.sdk:jpush:3.1.5] AndroidManifest.xml:89:13-35
	android:exported
		ADDED from [cn.jiguang.sdk:jpush:3.1.5] AndroidManifest.xml:90:13-37
	android:name
		ADDED from [cn.jiguang.sdk:jpush:3.1.5] AndroidManifest.xml:88:13-65
intent-filter#action:name:cn.jpush.android.intent.NOTIFICATION_RECEIVED_PROXY+category:name:${JPUSH_PKGNAME}
ADDED from [cn.jiguang.sdk:jpush:3.1.5] AndroidManifest.xml:91:13-94:29
	android:priority
		ADDED from [cn.jiguang.sdk:jpush:3.1.5] AndroidManifest.xml:91:28-51
intent-filter#action:name:cn.jpush.android.intent.NOTIFICATION_RECEIVED_PROXY+category:name:com.plane.game
ADDED from [cn.jiguang.sdk:jpush:3.1.5] AndroidManifest.xml:91:13-94:29
	android:priority
		ADDED from [cn.jiguang.sdk:jpush:3.1.5] AndroidManifest.xml:91:28-51
action#cn.jpush.android.intent.NOTIFICATION_RECEIVED_PROXY
ADDED from [cn.jiguang.sdk:jpush:3.1.5] AndroidManifest.xml:92:17-94
	android:name
		ADDED from [cn.jiguang.sdk:jpush:3.1.5] AndroidManifest.xml:92:25-91
intent-filter#action:name:android.intent.action.USER_PRESENT+action:name:android.net.conn.CONNECTIVITY_CHANGE
ADDED from [cn.jiguang.sdk:jpush:3.1.5] AndroidManifest.xml:95:13-98:29
action#android.intent.action.USER_PRESENT
ADDED from [cn.jiguang.sdk:jpush:3.1.5] AndroidManifest.xml:96:17-77
	android:name
		ADDED from [cn.jiguang.sdk:jpush:3.1.5] AndroidManifest.xml:96:25-74
action#android.net.conn.CONNECTIVITY_CHANGE
ADDED from [cn.jiguang.sdk:jpush:3.1.5] AndroidManifest.xml:97:17-79
	android:name
		ADDED from [cn.jiguang.sdk:jpush:3.1.5] AndroidManifest.xml:97:25-76
intent-filter#action:name:android.intent.action.PACKAGE_ADDED+action:name:android.intent.action.PACKAGE_REMOVED+data:scheme:package
ADDED from [cn.jiguang.sdk:jpush:3.1.5] AndroidManifest.xml:100:13-105:29
receiver#cn.jpush.android.service.AlarmReceiver
ADDED from [cn.jiguang.sdk:jpush:3.1.5] AndroidManifest.xml:109:9-111:40
	android:exported
		ADDED from [cn.jiguang.sdk:jpush:3.1.5] AndroidManifest.xml:111:13-37
	android:name
		ADDED from [cn.jiguang.sdk:jpush:3.1.5] AndroidManifest.xml:110:13-66
provider#cn.jpush.android.service.DataProvider
ADDED from [cn.jiguang.sdk:jpush:3.1.5] AndroidManifest.xml:113:9-116:40
	android:authorities
		ADDED from [cn.jiguang.sdk:jpush:3.1.5] AndroidManifest.xml:115:13-64
	android:exported
		ADDED from [cn.jiguang.sdk:jpush:3.1.5] AndroidManifest.xml:116:13-37
	android:name
		ADDED from [cn.jiguang.sdk:jpush:3.1.5] AndroidManifest.xml:114:13-65
provider#cn.jpush.android.service.DownloadProvider
ADDED from [cn.jiguang.sdk:jpush:3.1.5] AndroidManifest.xml:118:9-121:39
	android:authorities
		ADDED from [cn.jiguang.sdk:jpush:3.1.5] AndroidManifest.xml:120:13-68
	android:exported
		ADDED from [cn.jiguang.sdk:jpush:3.1.5] AndroidManifest.xml:121:13-36
	android:name
		ADDED from [cn.jiguang.sdk:jpush:3.1.5] AndroidManifest.xml:119:13-69
meta-data#JPUSH_CHANNEL
ADDED from [cn.jiguang.sdk:jpush:3.1.5] AndroidManifest.xml:124:9-126:48
	android:value
		ADDED from [cn.jiguang.sdk:jpush:3.1.5] AndroidManifest.xml:126:13-45
	android:name
		ADDED from [cn.jiguang.sdk:jpush:3.1.5] AndroidManifest.xml:125:13-41
meta-data#JPUSH_APPKEY
ADDED from [cn.jiguang.sdk:jpush:3.1.5] AndroidManifest.xml:127:9-129:47
	android:value
		ADDED from [cn.jiguang.sdk:jpush:3.1.5] AndroidManifest.xml:129:13-44
	android:name
		ADDED from [cn.jiguang.sdk:jpush:3.1.5] AndroidManifest.xml:128:13-40
activity#pub.devrel.easypermissions.AppSettingsDialogHolderActivity
ADDED from [pub.devrel:easypermissions:1.3.0] AndroidManifest.xml:12:9-16:66
	android:label
		ADDED from [pub.devrel:easypermissions:1.3.0] AndroidManifest.xml:15:13-29
	android:exported
		ADDED from [pub.devrel:easypermissions:1.3.0] AndroidManifest.xml:14:13-37
	android:theme
		ADDED from [pub.devrel:easypermissions:1.3.0] AndroidManifest.xml:16:13-63
	android:name
		ADDED from [pub.devrel:easypermissions:1.3.0] AndroidManifest.xml:13:13-86